

================================================================
== Vivado HLS Report for 'ap_ctl_handler'
================================================================
* Date:           Sat Jan 24 11:46:44 2015

* Version:        2014.1 (build date: Fri Apr 04 13:20:25 PM 2014)
* Project:        Ap_Ctl_Handler
* Solution:       solution1
* Product family: zynq zynq_fpv6 
* Target device:  xc7z020clg484-1


================================================================
== Performance Estimates
================================================================
+ Timing (ns): 
    * Summary: 
    +---------+-------+----------+------------+
    |  Clock  | Target| Estimated| Uncertainty|
    +---------+-------+----------+------------+
    |default  |  10.00|      5.73|        1.25|
    +---------+-------+----------+------------+

+ Latency (clock cycles): 
    * Summary: 
    +-----+-----+-----+-----+---------+
    |  Latency  |  Interval | Pipeline|
    | min | max | min | max |   Type  |
    +-----+-----+-----+-----+---------+
    |    0|    0|    1|    1|   none  |
    +-----+-----+-----+-----+---------+

    + Detail: 
        * Instance: 
        N/A

        * Loop: 
        N/A



================================================================
== Utilization Estimates
================================================================
* Summary: 
+-----------------+---------+-------+--------+-------+
|       Name      | BRAM_18K| DSP48E|   FF   |  LUT  |
+-----------------+---------+-------+--------+-------+
|Expression       |        -|      -|       0|     16|
|FIFO             |        -|      -|       -|      -|
|Instance         |        -|      -|       -|      -|
|Memory           |        -|      -|       -|      -|
|Multiplexer      |        -|      -|       -|      -|
|Register         |        -|      -|       -|      -|
+-----------------+---------+-------+--------+-------+
|Total            |        0|      0|       0|     16|
+-----------------+---------+-------+--------+-------+
|Available        |      280|    220|  106400|  53200|
+-----------------+---------+-------+--------+-------+
|Utilization (%)  |        0|      0|       0|   ~0  |
+-----------------+---------+-------+--------+-------+

+ Detail: 
    * Instance: 
    N/A

    * Memory: 
    N/A

    * FIFO: 
    N/A

    * Expression: 
    +-----------------------------+----------+-------+---+----+------------+------------+
    |        Variable Name        | Operation| DSP48E| FF| LUT| Bitwidth P0| Bitwidth P1|
    +-----------------------------+----------+-------+---+----+------------+------------+
    |current_status_V_1_fu_94_p3  |  Select  |      0|  0|   3|           1|           3|
    |current_status_V_fu_86_p3    |  Select  |      0|  0|   3|           1|           3|
    |p_04_1_fu_120_p3             |  Select  |      0|  0|   3|           1|           3|
    |p_s_fu_78_p3                 |  Select  |      0|  0|   4|           1|           4|
    |ap_start_out                 |   icmp   |      0|  0|   3|           3|           1|
    +-----------------------------+----------+-------+---+----+------------+------------+
    |Total                        |          |      0|  0|  16|           7|          14|
    +-----------------------------+----------+-------+---+----+------------+------------+

    * Multiplexer: 
    N/A

    * Register: 
    N/A



================================================================
== Interface
================================================================
* Summary: 
+-----------------+-----+-----+------------+-----------------+--------------+
|    RTL Ports    | Dir | Bits|  Protocol  |  Source Object  |    C Type    |
+-----------------+-----+-----+------------+-----------------+--------------+
|ap_start         |  in |    1| ap_ctrl_hs |  ap_ctl_handler | return value |
|ap_done          | out |    1| ap_ctrl_hs |  ap_ctl_handler | return value |
|ap_idle          | out |    1| ap_ctrl_hs |  ap_ctl_handler | return value |
|ap_ready         | out |    1| ap_ctrl_hs |  ap_ctl_handler | return value |
|ap_start_enable  |  in |    1|   ap_none  | ap_start_enable |    scalar    |
|ap_start_out     | out |    1|   ap_none  |   ap_start_out  |    pointer   |
|ap_ready_in      |  in |    1|   ap_none  |   ap_ready_in   |    scalar    |
|ap_done_in       |  in |    1|   ap_none  |    ap_done_in   |    scalar    |
|ap_idle_in       |  in |    1|   ap_none  |    ap_idle_in   |    scalar    |
|ap_status_out_V  |  in |    3|   ap_none  | ap_status_out_V |    pointer   |
+-----------------+-----+-----+------------+-----------------+--------------+

