@I [SIM-14] Instrumenting C test bench ...
   Build using "/home/michael/Xilinx/Vivado_HLS/2014.1/lnx64/tools/gcc/bin/g++"
   Compiling apatb_ap_ctl_handler.cpp
   Compiling ap_ctl_handler_testbench.cpp_pre.cpp.tb.cpp
   Compiling ap_ctl_handler.cpp_pre.cpp.tb.cpp
   Generating cosim.tv.exe
@I [SIM-302] Generating test vectors ... 
@I [SIM-333] Generating C post check test bench ...
@I [SIM-12] Generating RTL test bench ...
   Build using "/home/michael/Xilinx/Vivado_HLS/2014.1/lnx64/tools/gcc/bin/g++"
   Compiling ap_ctl_handler.autotb.cpp
   Compiling ap_ctl_handler.cpp
   Generating cosim.sc.exe
@I [SIM-11] Starting SystemC simulation ...
@I [SIM-316] Starting C post checking ...

Failed to set new status

             SystemC 2.3.0-ASI --- May 15 2013 06:32:03
        Copyright (c) 1996-2012 by all Contributors,
        ALL RIGHTS RESERVED

Note: VCD trace timescale unit is set by user to 1.000000e-12 sec.

Info: /OSCI/SystemC: Simulation stopped by user.

Failed to set new status
@I [SIM-1000] *** C/RTL co-simulation finished: PASS ***
